[09Mar2025 00:03:50.343] [Server thread/INFO] [net.minecraft.server.network.ServerGamePacketListenerImpl/]: Alexten22 lost connection: Disconnected
[09Mar2025 00:03:50.345] [Server thread/INFO] [net.minecraft.server.MinecraftServer/]: Alexten22 left the game
[09Mar2025 00:04:55.497] [Server thread/INFO] [com.github.sculkhorde.core.SculkHorde/]: Saving 0 events.
[09Mar2025 00:04:55.497] [Server thread/INFO] [com.github.sculkhorde.core.SculkHorde/]: Saved 0 events. Took 0 Milliseconds.
[09Mar2025 00:06:32.012] [Server thread/INFO] [net.minecraft.server.MinecraftServer/]: Shadyx28x has made the advancement [Ice Bucket Challenge]
[09Mar2025 00:09:55.507] [Server thread/INFO] [com.github.sculkhorde.core.SculkHorde/]: Saving 0 events.
[09Mar2025 00:09:55.507] [Server thread/INFO] [com.github.sculkhorde.core.SculkHorde/]: Saved 0 events. Took 0 Milliseconds.
[09Mar2025 00:13:25.719] [Server thread/ERROR] [sophisticatedbackpacks/]: Error getting backpack wrapper - Unable to find backpack at slot index 2 in "main" inventory handler
[09Mar2025 00:13:44.759] [Worker-Main-2/WARN] [net.minecraft.world.entity.ai.attributes.AttributeMap/]: Ignoring unknown attribute 'reach-entity-attributes:reach'
[09Mar2025 00:13:44.760] [Worker-Main-2/WARN] [net.minecraft.world.entity.ai.attributes.AttributeMap/]: Ignoring unknown attribute 'reach-entity-attributes:reach'
[09Mar2025 00:13:44.760] [Worker-Main-2/WARN] [net.minecraft.world.entity.ai.attributes.AttributeMap/]: Ignoring unknown attribute 'reach-entity-attributes:reach'
[09Mar2025 00:13:45.249] [Worker-Main-2/WARN] [net.minecraft.world.entity.ai.attributes.AttributeMap/]: Ignoring unknown attribute 'reach-entity-attributes:reach'
[09Mar2025 00:13:45.573] [Server thread/WARN] [net.minecraft.server.MinecraftServer/]: Can't keep up! Is the server overloaded? Running 4945ms or 98 ticks behind
[09Mar2025 00:15:00.402] [Server thread/INFO] [com.github.sculkhorde.core.SculkHorde/]: Saving 0 events.
[09Mar2025 00:15:00.402] [Server thread/INFO] [com.github.sculkhorde.core.SculkHorde/]: Saved 0 events. Took 0 Milliseconds.
[09Mar2025 00:15:06.387] [Server thread/INFO] [net.minecraft.server.players.PlayerList/]: Alexten22[/127.223.213.102:51657] logged in with entity id 76683 at (-1.6586595702363363, 109.0, -43.69999998807907)
[09Mar2025 00:15:08.203] [Server thread/INFO] [net.minecraft.server.MinecraftServer/]: Alexten22 joined the game
[09Mar2025 00:15:08.272] [Server thread/INFO] [Jade/]: Syncing config to Alexten22 (c5bf4235-1120-3589-9f45-0251854bc284)
[09Mar2025 00:15:08.381] [Server thread/WARN] [net.minecraft.server.MinecraftServer/]: Can't keep up! Is the server overloaded? Running 2003ms or 40 ticks behind
[09Mar2025 00:16:40.611] [Server thread/INFO] [net.minecraft.server.network.ServerGamePacketListenerImpl/]: Alexten22 lost connection: Disconnected
[09Mar2025 00:16:40.612] [Server thread/INFO] [net.minecraft.server.MinecraftServer/]: Alexten22 left the game
[09Mar2025 00:20:02.425] [Server thread/INFO] [com.github.sculkhorde.core.SculkHorde/]: Saving 0 events.
[09Mar2025 00:20:02.425] [Server thread/INFO] [com.github.sculkhorde.core.SculkHorde/]: Saved 0 events. Took 0 Milliseconds.
[09Mar2025 00:20:03.199] [Server thread/INFO] [com.lgow.endofherobrine.entity.herobrine.AbstractHerobrine/]: LURKER spawned at BlockPos{x=-317, y=202, z=11}
[09Mar2025 00:22:15.315] [Server thread/INFO] [net.minecraft.server.network.ServerGamePacketListenerImpl/]: Shadyx28x lost connection: Disconnected
[09Mar2025 00:22:15.315] [Server thread/INFO] [net.minecraft.server.MinecraftServer/]: Shadyx28x left the game
[09Mar2025 00:25:02.329] [Server thread/INFO] [com.github.sculkhorde.core.SculkHorde/]: Saving 0 events.
[09Mar2025 00:25:02.329] [Server thread/INFO] [com.github.sculkhorde.core.SculkHorde/]: Saved 0 events. Took 0 Milliseconds.
[09Mar2025 00:25:28.210] [Server thread/INFO] [net.minecraft.server.players.PlayerList/]: Alexten22[/127.223.213.102:48559] logged in with entity id 78155 at (5.30597741500948, 115.0, -32.60603999211559)
[09Mar2025 00:25:30.030] [Server thread/INFO] [net.minecraft.server.MinecraftServer/]: Alexten22 joined the game
[09Mar2025 00:25:30.096] [Server thread/INFO] [Jade/]: Syncing config to Alexten22 (c5bf4235-1120-3589-9f45-0251854bc284)
